[22-Feb-2025 05:03:19 Europe/Berlin] Database connection successful
[22-Feb-2025 05:03:19 Europe/Berlin] POST data: Array
(
    [name] => Hsu Myat Noe
    [phone] => 09401645780
    [amount] => 10000
)

[22-Feb-2025 05:03:19 Europe/Berlin] FILES data: Array
(
    [screenshot] => Array
        (
            [name] => photo_2025-02-06_16-58-41.jpg
            [full_path] => photo_2025-02-06_16-58-41.jpg
            [type] => image/jpeg
            [tmp_name] => C:\xampp\tmp\php1A0B.tmp
            [error] => 0
            [size] => 51484
        )

)

[22-Feb-2025 05:03:19 Europe/Berlin] Upload directory exists: yes
[22-Feb-2025 05:03:19 Europe/Berlin] Upload directory writable: yes
[22-Feb-2025 05:03:19 Europe/Berlin] Attempting to insert transaction record
[22-Feb-2025 05:03:19 Europe/Berlin] Transaction failed: SQLSTATE[42S22]: Column not found: 1054 Unknown column 'screenshot' in 'field list'
[22-Feb-2025 05:03:19 Europe/Berlin] Transaction Error: SQLSTATE[42S22]: Column not found: 1054 Unknown column 'screenshot' in 'field list'
[22-Feb-2025 05:07:36 Europe/Berlin] Database connection successful
[22-Feb-2025 05:07:36 Europe/Berlin] POST data: Array
(
    [name] => Hsu Myat Noe
    [phone] => 09401645780
    [amount] => 10000
)

[22-Feb-2025 05:07:36 Europe/Berlin] FILES data: Array
(
    [screenshot] => Array
        (
            [name] => photo_2025-02-06_16-58-41.jpg
            [full_path] => photo_2025-02-06_16-58-41.jpg
            [type] => image/jpeg
            [tmp_name] => C:\xampp\tmp\php6AF.tmp
            [error] => 0
            [size] => 51484
        )

)

[22-Feb-2025 05:07:36 Europe/Berlin] Upload directory exists: yes
[22-Feb-2025 05:07:36 Europe/Berlin] Upload directory writable: yes
[22-Feb-2025 05:07:36 Europe/Berlin] Attempting to insert transaction record
[22-Feb-2025 05:07:36 Europe/Berlin] Transaction failed: SQLSTATE[23000]: Integrity constraint violation: 1452 Cannot add or update a child row: a foreign key constraint fails (`typing_test3`.`transactions`, CONSTRAINT `transactions_ibfk_1` FOREIGN KEY (`user_id`) REFERENCES `users` (`user_id`))
[22-Feb-2025 05:07:36 Europe/Berlin] Transaction Error: SQLSTATE[23000]: Integrity constraint violation: 1452 Cannot add or update a child row: a foreign key constraint fails (`typing_test3`.`transactions`, CONSTRAINT `transactions_ibfk_1` FOREIGN KEY (`user_id`) REFERENCES `users` (`user_id`))
[22-Feb-2025 05:23:36 Europe/Berlin] Database connection successful
[22-Feb-2025 05:23:36 Europe/Berlin] POST data: Array
(
    [name] => Hsu Myat Noe
    [phone] => 09401645780
    [amount] => 10000
)

[22-Feb-2025 05:23:36 Europe/Berlin] FILES data: Array
(
    [screenshot] => Array
        (
            [name] => photo_2025-02-06_16-58-41.jpg
            [full_path] => photo_2025-02-06_16-58-41.jpg
            [type] => image/jpeg
            [tmp_name] => C:\xampp\tmp\phpAACC.tmp
            [error] => 0
            [size] => 51484
        )

)

[22-Feb-2025 05:23:36 Europe/Berlin] Upload directory exists: yes
[22-Feb-2025 05:23:36 Europe/Berlin] Upload directory writable: yes
[22-Feb-2025 05:23:36 Europe/Berlin] Attempting to insert transaction record
[22-Feb-2025 05:23:36 Europe/Berlin] Transaction failed: SQLSTATE[23000]: Integrity constraint violation: 1452 Cannot add or update a child row: a foreign key constraint fails (`typing_test3`.`transactions`, CONSTRAINT `transactions_ibfk_1` FOREIGN KEY (`user_id`) REFERENCES `users` (`user_id`))
[22-Feb-2025 05:23:36 Europe/Berlin] Transaction Error: SQLSTATE[23000]: Integrity constraint violation: 1452 Cannot add or update a child row: a foreign key constraint fails (`typing_test3`.`transactions`, CONSTRAINT `transactions_ibfk_1` FOREIGN KEY (`user_id`) REFERENCES `users` (`user_id`))
[22-Feb-2025 07:09:24 Europe/Berlin] Database connection successful
[22-Feb-2025 07:09:24 Europe/Berlin] Session user_id: 8
[22-Feb-2025 07:09:24 Europe/Berlin] User not found in database: 8
[22-Feb-2025 07:17:08 Europe/Berlin] Database connection successful
[22-Feb-2025 07:17:08 Europe/Berlin] Session user_id: 9
[22-Feb-2025 07:17:08 Europe/Berlin] User found in database: 9
[22-Feb-2025 07:17:08 Europe/Berlin] POST data: Array
(
    [name] => Lira
    [phone] => 09401645780
    [amount] => 10000
)

[22-Feb-2025 07:17:08 Europe/Berlin] FILES data: Array
(
    [screenshot] => Array
        (
            [name] => photo_2025-02-06_16-58-41.jpg
            [full_path] => photo_2025-02-06_16-58-41.jpg
            [type] => image/jpeg
            [tmp_name] => C:\xampp\tmp\php9CF9.tmp
            [error] => 0
            [size] => 51484
        )

)

[22-Feb-2025 07:17:08 Europe/Berlin] Upload directory exists: yes
[22-Feb-2025 07:17:08 Europe/Berlin] Upload directory writable: yes
[22-Feb-2025 07:17:08 Europe/Berlin] Attempting to insert transaction record
[22-Feb-2025 07:17:08 Europe/Berlin] Transaction completed successfully
[22-Feb-2025 07:49:12 Europe/Berlin] Database connection successful
[22-Feb-2025 07:49:12 Europe/Berlin] Session user_id: 10
[22-Feb-2025 07:49:12 Europe/Berlin] User found in database: 10
[22-Feb-2025 07:49:12 Europe/Berlin] POST data: Array
(
    [name] => Hsu Myat Noe
    [phone] => 09401645780
    [amount] => 10000
)

[22-Feb-2025 07:49:12 Europe/Berlin] FILES data: Array
(
    [screenshot] => Array
        (
            [name] => photo_2025-02-06_16-58-41.jpg
            [full_path] => photo_2025-02-06_16-58-41.jpg
            [type] => image/jpeg
            [tmp_name] => C:\xampp\tmp\phpF83C.tmp
            [error] => 0
            [size] => 51484
        )

)

[22-Feb-2025 07:49:12 Europe/Berlin] Upload directory exists: yes
[22-Feb-2025 07:49:12 Europe/Berlin] Upload directory writable: yes
[22-Feb-2025 07:49:12 Europe/Berlin] Attempting to insert transaction record
[22-Feb-2025 07:49:12 Europe/Berlin] Transaction submitted successfully
[23-Feb-2025 14:18:45 UTC] Database connection successful
[23-Feb-2025 14:18:45 UTC] Session user_id: 9
[23-Feb-2025 14:18:45 UTC] User found in database: 9
[23-Feb-2025 14:18:45 UTC] POST data: Array
(
    [name] => sinbad
    [phone] => 09880177283
    [amount] => 10000
)

[23-Feb-2025 14:18:45 UTC] FILES data: Array
(
    [screenshot] => Array
        (
            [name] => A_modern_and_professional_background_suitable_for_.png
            [full_path] => A_modern_and_professional_background_suitable_for_.png
            [type] => image/png
            [tmp_name] => /private/var/folders/6_/hjs7zhys4k33dn71rtz8sy6m0000gn/T/phpj12f4g6svot2dLwQ2FK
            [error] => 0
            [size] => 334436
        )

)

[23-Feb-2025 14:18:45 UTC] Upload directory exists: yes
[23-Feb-2025 14:18:45 UTC] Upload directory writable: yes
[23-Feb-2025 14:18:45 UTC] Attempting to insert transaction record
[23-Feb-2025 14:18:45 UTC] Transaction failed: SQLSTATE[42S22]: Column not found: 1054 Unknown column 'screenshot' in 'field list'
[23-Feb-2025 14:18:45 UTC] Transaction Error: SQLSTATE[42S22]: Column not found: 1054 Unknown column 'screenshot' in 'field list'
